<?xml version="1.0" encoding="UTF-8"?>
<!-- Generated by org.testng.reporters.JUnitXMLReporter -->
<testsuite ignored="0" hostname="DESKTOP-DTBN5AF" failures="0" tests="2" name="Default test" time="74.937" errors="0" timestamp="2022-02-10T12:38:13 IST">
  <testcase classname="TestPackage.ChangeCurrencyAndCountrySettingTestNG" name="changeCurrencyAsPerCOuntry" time="13.097"/>
  <testcase classname="TestPackage.ChangeCurrencyAndCountrySettingTestNG" name="ChangeCountryAsperNation" time="10.399"/>
</testsuite> <!-- Default test -->
